2018/10/15 12:05:15.992865 [0;36m[INFO ][m GID 1, Config init success
2018/10/15 12:05:16.399485 [0;36m[INFO ][m GID 1, Using account:AUr5QUfeBADq6BMY6Tp5yuMsUNGpsD7nLZ
2018/10/15 12:05:16.399540 [0;36m[INFO ][m GID 1, Account init success
2018/10/15 12:05:16.437059 [0;36m[INFO ][m GID 1, InitCurrentBlock currentBlockHash 044595485e2b28a823ebaaa4be06616555d55267016db713e175993edf732d62 currentBlockHeight 404
2018/10/15 12:05:16.442946 [0;36m[INFO ][m GID 1, Ledger init success
2018/10/15 12:05:16.445305 [0;36m[INFO ][m GID 1, tx pool: the current local gas price is 0
2018/10/15 12:05:16.445923 [0;36m[INFO ][m GID 1, TxPool init success
2018/10/15 12:05:16.445992 [0;36m[INFO ][m GID 1, ConsensusType:solo
2018/10/15 12:05:16.446035 [0;36m[INFO ][m GID 1, Consensus init success
2018/10/15 12:05:16.446912 [0;36m[INFO ][m GID 69, txpool actor started and be ready to receive txPool msg
2018/10/15 12:05:16.446973 [0;36m[INFO ][m GID 71, stateless-validator: started and be ready to receive txn
2018/10/15 12:05:16.446938 [0;36m[INFO ][m GID 73, stateful-validator: started and be ready to receive txn
2018/10/15 12:05:16.447010 [0;36m[INFO ][m GID 70, txpool-tx actor started and be ready to receive tx msg
2018/10/15 12:05:16.446943 [0;36m[INFO ][m GID 72, stateless-validator: started and be ready to receive txn
2018/10/15 12:05:16.446959 [0;36m[INFO ][m GID 68, txpool-verify actor: started and be ready to receive validator's msg
2018/10/15 12:05:16.448081 [0;36m[INFO ][m GID 74, solo actor started
2018/10/15 12:05:16.451222 [0;36m[INFO ][m GID 1, Rpc init success
2018/10/15 12:05:16.457130 [0;36m[INFO ][m GID 1, Local rpc init success
2018/10/15 12:05:16.457199 [0;36m[INFO ][m GID 1, Restful init success
2018/10/15 12:05:16.457266 [0;36m[INFO ][m GID 1, Ws init success
2018/10/15 12:05:22.452599 [0;36m[INFO ][m GID 100, increment validator block height -1 != ledger block height 404
2018/10/15 12:05:22.452722 [0;36m[INFO ][m GID 100, current block height 404, increment validator block cache range: [0, 0)
2018/10/15 12:05:22.457336 [0;36m[INFO ][m GID 100, solo actor receives block complete event. block height=405 txnum=1
2018/10/15 12:05:22.457515 [0;36m[INFO ][m GID 97, CurrentBlockHeight = 405
2018/10/15 12:05:28.448927 [0;36m[INFO ][m GID 113, current block height 405, increment validator block cache range: [405, 406)
2018/10/15 12:05:28.455266 [0;36m[INFO ][m GID 113, solo actor receives block complete event. block height=406 txnum=1
2018/10/15 12:05:28.459563 [0;36m[INFO ][m GID 97, CurrentBlockHeight = 406
2018/10/15 12:05:34.448798 [0;36m[INFO ][m GID 42, current block height 406, increment validator block cache range: [405, 407)
2018/10/15 12:05:34.455086 [0;36m[INFO ][m GID 42, solo actor receives block complete event. block height=407 txnum=0
2018/10/15 12:05:34.458689 [0;36m[INFO ][m GID 97, CurrentBlockHeight = 407
2018/10/15 12:05:40.448768 [0;36m[INFO ][m GID 118, current block height 407, increment validator block cache range: [405, 408)
2018/10/15 12:05:40.455880 [0;36m[INFO ][m GID 118, solo actor receives block complete event. block height=408 txnum=0
2018/10/15 12:05:40.457819 [0;36m[INFO ][m GID 97, CurrentBlockHeight = 408
2018/10/15 12:05:46.449099 [0;36m[INFO ][m GID 122, current block height 408, increment validator block cache range: [405, 409)
2018/10/15 12:05:46.455170 [0;36m[INFO ][m GID 122, solo actor receives block complete event. block height=409 txnum=0
2018/10/15 12:05:46.458975 [0;36m[INFO ][m GID 97, CurrentBlockHeight = 409
2018/10/15 12:05:52.449020 [0;36m[INFO ][m GID 47, current block height 409, increment validator block cache range: [405, 410)
2018/10/15 12:05:52.455311 [0;36m[INFO ][m GID 47, solo actor receives block complete event. block height=410 txnum=0
2018/10/15 12:05:52.458960 [0;36m[INFO ][m GID 97, CurrentBlockHeight = 410
2018/10/15 12:05:58.449937 [0;36m[INFO ][m GID 132, current block height 410, increment validator block cache range: [405, 411)
2018/10/15 12:05:58.456630 [0;36m[INFO ][m GID 132, solo actor receives block complete event. block height=411 txnum=0
2018/10/15 12:05:58.457885 [0;36m[INFO ][m GID 97, CurrentBlockHeight = 411
2018/10/15 12:06:04.449029 [0;36m[INFO ][m GID 136, current block height 411, increment validator block cache range: [405, 412)
2018/10/15 12:06:04.455079 [0;36m[INFO ][m GID 136, solo actor receives block complete event. block height=412 txnum=0
2018/10/15 12:06:04.458153 [0;36m[INFO ][m GID 97, CurrentBlockHeight = 412
2018/10/15 12:06:10.449200 [0;36m[INFO ][m GID 140, current block height 412, increment validator block cache range: [405, 413)
2018/10/15 12:06:10.455967 [0;36m[INFO ][m GID 140, solo actor receives block complete event. block height=413 txnum=0
2018/10/15 12:06:10.459038 [0;36m[INFO ][m GID 97, CurrentBlockHeight = 413
2018/10/15 12:06:16.449976 [0;36m[INFO ][m GID 147, current block height 413, increment validator block cache range: [405, 414)
2018/10/15 12:06:16.456628 [0;36m[INFO ][m GID 147, solo actor receives block complete event. block height=414 txnum=0
2018/10/15 12:06:16.459025 [0;36m[INFO ][m GID 97, CurrentBlockHeight = 414
2018/10/15 12:06:22.449423 [0;36m[INFO ][m GID 151, current block height 414, increment validator block cache range: [405, 415)
2018/10/15 12:06:22.452540 [0;36m[INFO ][m GID 151, solo actor receives block complete event. block height=415 txnum=0
2018/10/15 12:06:22.458718 [0;36m[INFO ][m GID 97, CurrentBlockHeight = 415
2018/10/15 12:06:28.449090 [0;36m[INFO ][m GID 155, current block height 415, increment validator block cache range: [406, 416)
2018/10/15 12:06:28.456193 [0;36m[INFO ][m GID 155, solo actor receives block complete event. block height=416 txnum=0
2018/10/15 12:06:28.458652 [0;36m[INFO ][m GID 97, CurrentBlockHeight = 416
2018/10/15 12:06:34.449807 [0;36m[INFO ][m GID 162, current block height 416, increment validator block cache range: [407, 417)
2018/10/15 12:06:34.451211 [0;36m[INFO ][m GID 162, solo actor receives block complete event. block height=417 txnum=0
2018/10/15 12:06:34.458388 [0;36m[INFO ][m GID 97, CurrentBlockHeight = 417
2018/10/15 12:06:40.449266 [0;36m[INFO ][m GID 127, current block height 417, increment validator block cache range: [408, 418)
2018/10/15 12:06:40.453857 [0;36m[INFO ][m GID 127, solo actor receives block complete event. block height=418 txnum=0
2018/10/15 12:06:40.458254 [0;36m[INFO ][m GID 97, CurrentBlockHeight = 418
2018/10/15 12:06:46.449582 [0;36m[INFO ][m GID 167, current block height 418, increment validator block cache range: [409, 419)
2018/10/15 12:06:46.455646 [0;36m[INFO ][m GID 167, solo actor receives block complete event. block height=419 txnum=0
2018/10/15 12:06:46.458605 [0;36m[INFO ][m GID 97, CurrentBlockHeight = 419
2018/10/15 12:06:52.450188 [0;36m[INFO ][m GID 195, current block height 419, increment validator block cache range: [410, 420)
2018/10/15 12:06:52.456142 [0;36m[INFO ][m GID 195, solo actor receives block complete event. block height=420 txnum=0
2018/10/15 12:06:52.459372 [0;36m[INFO ][m GID 97, CurrentBlockHeight = 420
2018/10/15 12:06:58.449430 [0;36m[INFO ][m GID 200, current block height 420, increment validator block cache range: [411, 421)
2018/10/15 12:06:58.452543 [0;36m[INFO ][m GID 200, solo actor receives block complete event. block height=421 txnum=0
2018/10/15 12:06:58.458565 [0;36m[INFO ][m GID 97, CurrentBlockHeight = 421
2018/10/15 12:07:04.450613 [0;36m[INFO ][m GID 180, current block height 421, increment validator block cache range: [412, 422)
2018/10/15 12:07:04.457243 [0;36m[INFO ][m GID 180, solo actor receives block complete event. block height=422 txnum=0
2018/10/15 12:07:04.458852 [0;36m[INFO ][m GID 97, CurrentBlockHeight = 422
2018/10/15 12:07:10.450580 [0;36m[INFO ][m GID 160, current block height 422, increment validator block cache range: [413, 423)
2018/10/15 12:07:10.455529 [0;36m[INFO ][m GID 160, solo actor receives block complete event. block height=423 txnum=0
2018/10/15 12:07:10.458531 [0;36m[INFO ][m GID 97, CurrentBlockHeight = 423
2018/10/15 12:07:16.450722 [0;36m[INFO ][m GID 205, current block height 423, increment validator block cache range: [414, 424)
2018/10/15 12:07:16.457641 [0;36m[INFO ][m GID 205, solo actor receives block complete event. block height=424 txnum=0
2018/10/15 12:07:16.458812 [0;36m[INFO ][m GID 97, CurrentBlockHeight = 424
2018/10/15 12:07:22.450768 [0;36m[INFO ][m GID 225, current block height 424, increment validator block cache range: [415, 425)
2018/10/15 12:07:22.453631 [0;36m[INFO ][m GID 225, solo actor receives block complete event. block height=425 txnum=0
2018/10/15 12:07:22.458690 [0;36m[INFO ][m GID 97, CurrentBlockHeight = 425
2018/10/15 12:07:28.456849 [0;36m[INFO ][m GID 184, current block height 425, increment validator block cache range: [416, 426)
