2018/10/14 21:27:37.676341 [0;36m[INFO ][m GID 1, Config init success
2018/10/14 21:27:38.571253 [0;36m[INFO ][m GID 1, Using account:AUr5QUfeBADq6BMY6Tp5yuMsUNGpsD7nLZ
2018/10/14 21:27:38.571303 [0;36m[INFO ][m GID 1, Account init success
2018/10/14 21:27:38.588649 [0;36m[INFO ][m GID 1, InitCurrentBlock currentBlockHash b4f3d0d7687f8e09b249b23e4627fc23bf7876b2fe232ea10d23c0bb3ccaca62 currentBlockHeight 183
2018/10/14 21:27:38.590891 [0;36m[INFO ][m GID 1, Ledger init success
2018/10/14 21:27:38.591758 [0;36m[INFO ][m GID 1, tx pool: the current local gas price is 0
2018/10/14 21:27:38.592424 [0;36m[INFO ][m GID 1, TxPool init success
2018/10/14 21:27:38.592461 [0;36m[INFO ][m GID 88, txpool actor started and be ready to receive txPool msg
2018/10/14 21:27:38.592477 [0;36m[INFO ][m GID 89, txpool-tx actor started and be ready to receive tx msg
2018/10/14 21:27:38.592427 [0;36m[INFO ][m GID 90, stateless-validator: started and be ready to receive txn
2018/10/14 21:27:38.592508 [0;36m[INFO ][m GID 1, ConsensusType:solo
2018/10/14 21:27:38.592555 [0;36m[INFO ][m GID 93, solo actor started
2018/10/14 21:27:38.592430 [0;36m[INFO ][m GID 91, stateless-validator: started and be ready to receive txn
2018/10/14 21:27:38.592439 [0;36m[INFO ][m GID 87, txpool-verify actor: started and be ready to receive validator's msg
2018/10/14 21:27:38.592485 [0;36m[INFO ][m GID 92, stateful-validator: started and be ready to receive txn
2018/10/14 21:27:38.592575 [0;36m[INFO ][m GID 1, Consensus init success
2018/10/14 21:27:38.597778 [0;36m[INFO ][m GID 1, Rpc init success
2018/10/14 21:27:38.603034 [0;36m[INFO ][m GID 1, Local rpc init success
2018/10/14 21:27:38.603113 [0;36m[INFO ][m GID 1, Restful init success
2018/10/14 21:27:38.603174 [0;36m[INFO ][m GID 1, Ws init success
2018/10/14 21:27:44.593737 [0;36m[INFO ][m GID 147, increment validator block height -1 != ledger block height 183
2018/10/14 21:27:44.593831 [0;36m[INFO ][m GID 147, current block height 183, increment validator block cache range: [0, 0)
2018/10/14 21:27:44.596849 [0;36m[INFO ][m GID 147, solo actor receives block complete event. block height=184 txnum=2
2018/10/14 21:27:44.604166 [0;36m[INFO ][m GID 103, CurrentBlockHeight = 184
2018/10/14 21:27:50.593494 [0;36m[INFO ][m GID 153, current block height 184, increment validator block cache range: [184, 185)
2018/10/14 21:27:50.599679 [0;36m[INFO ][m GID 153, solo actor receives block complete event. block height=185 txnum=0
2018/10/14 21:27:50.603040 [0;36m[INFO ][m GID 103, CurrentBlockHeight = 185
2018/10/14 21:27:56.592463 [0;36m[INFO ][m GID 135, current block height 185, increment validator block cache range: [184, 186)
2018/10/14 21:27:56.598471 [0;36m[INFO ][m GID 135, solo actor receives block complete event. block height=186 txnum=0
2018/10/14 21:27:56.603761 [0;36m[INFO ][m GID 103, CurrentBlockHeight = 186
2018/10/14 21:28:02.592975 [0;36m[INFO ][m GID 139, current block height 186, increment validator block cache range: [184, 187)
2018/10/14 21:28:02.595995 [0;36m[INFO ][m GID 139, solo actor receives block complete event. block height=187 txnum=0
2018/10/14 21:28:02.602927 [0;36m[INFO ][m GID 103, CurrentBlockHeight = 187
2018/10/14 21:28:08.592292 [0;36m[INFO ][m GID 36, current block height 187, increment validator block cache range: [184, 188)
2018/10/14 21:28:08.593039 [0;36m[INFO ][m GID 36, solo actor receives block complete event. block height=188 txnum=0
2018/10/14 21:28:08.602455 [0;36m[INFO ][m GID 103, CurrentBlockHeight = 188
2018/10/14 21:28:14.592753 [0;36m[INFO ][m GID 40, current block height 188, increment validator block cache range: [184, 189)
2018/10/14 21:28:14.599847 [0;36m[INFO ][m GID 40, solo actor receives block complete event. block height=189 txnum=0
2018/10/14 21:28:14.602393 [0;36m[INFO ][m GID 103, CurrentBlockHeight = 189
2018/10/14 21:28:20.592628 [0;36m[INFO ][m GID 44, current block height 189, increment validator block cache range: [184, 190)
2018/10/14 21:28:20.599142 [0;36m[INFO ][m GID 44, solo actor receives block complete event. block height=190 txnum=0
2018/10/14 21:28:20.602415 [0;36m[INFO ][m GID 103, CurrentBlockHeight = 190
2018/10/14 21:28:26.592211 [0;36m[INFO ][m GID 73, current block height 190, increment validator block cache range: [184, 191)
2018/10/14 21:28:26.594825 [0;36m[INFO ][m GID 73, solo actor receives block complete event. block height=191 txnum=0
2018/10/14 21:28:26.602961 [0;36m[INFO ][m GID 103, CurrentBlockHeight = 191
2018/10/14 21:28:32.592174 [0;36m[INFO ][m GID 77, current block height 191, increment validator block cache range: [184, 192)
2018/10/14 21:28:32.593637 [0;36m[INFO ][m GID 77, solo actor receives block complete event. block height=192 txnum=0
2018/10/14 21:28:32.602655 [0;36m[INFO ][m GID 103, CurrentBlockHeight = 192
2018/10/14 21:28:38.591554 [0;36m[INFO ][m GID 143, current block height 192, increment validator block cache range: [184, 193)
2018/10/14 21:28:38.593042 [0;36m[INFO ][m GID 143, solo actor receives block complete event. block height=193 txnum=0
2018/10/14 21:28:38.602455 [0;36m[INFO ][m GID 103, CurrentBlockHeight = 193
2018/10/14 21:28:44.590763 [0;36m[INFO ][m GID 179, current block height 193, increment validator block cache range: [184, 194)
2018/10/14 21:28:44.593290 [0;36m[INFO ][m GID 179, solo actor receives block complete event. block height=194 txnum=0
2018/10/14 21:28:44.601371 [0;36m[INFO ][m GID 103, CurrentBlockHeight = 194
2018/10/14 21:28:50.591611 [0;36m[INFO ][m GID 183, current block height 194, increment validator block cache range: [185, 195)
2018/10/14 21:28:50.598190 [0;36m[INFO ][m GID 183, solo actor receives block complete event. block height=195 txnum=0
2018/10/14 21:28:50.601120 [0;36m[INFO ][m GID 103, CurrentBlockHeight = 195
2018/10/14 21:28:56.591252 [0;36m[INFO ][m GID 48, current block height 195, increment validator block cache range: [186, 196)
