2018/10/15 21:40:02.646897 [0;36m[INFO ][m GID 1, Config init success
2018/10/15 21:40:03.039031 [0;36m[INFO ][m GID 1, Using account:AUr5QUfeBADq6BMY6Tp5yuMsUNGpsD7nLZ
2018/10/15 21:40:03.039117 [0;36m[INFO ][m GID 1, Account init success
2018/10/15 21:40:03.059979 [0;36m[INFO ][m GID 1, InitCurrentBlock currentBlockHash a9f38c806938877fb585bd5cd321ff0eb84714f05076e239c44a9c35f8babb85 currentBlockHeight 2019
2018/10/15 21:40:03.061323 [0;36m[INFO ][m GID 1, Ledger init success
2018/10/15 21:40:03.062490 [0;36m[INFO ][m GID 1, tx pool: the current local gas price is 0
2018/10/15 21:40:03.063105 [0;36m[INFO ][m GID 1, TxPool init success
2018/10/15 21:40:03.063186 [0;36m[INFO ][m GID 1, ConsensusType:solo
2018/10/15 21:40:03.063217 [0;36m[INFO ][m GID 1, Consensus init success
2018/10/15 21:40:03.063731 [0;36m[INFO ][m GID 16, stateless-validator: started and be ready to receive txn
2018/10/15 21:40:03.063741 [0;36m[INFO ][m GID 14, txpool actor started and be ready to receive txPool msg
2018/10/15 21:40:03.063767 [0;36m[INFO ][m GID 66, stateful-validator: started and be ready to receive txn
2018/10/15 21:40:03.063783 [0;36m[INFO ][m GID 15, txpool-tx actor started and be ready to receive tx msg
2018/10/15 21:40:03.063794 [0;36m[INFO ][m GID 65, stateless-validator: started and be ready to receive txn
2018/10/15 21:40:03.063822 [0;36m[INFO ][m GID 13, txpool-verify actor: started and be ready to receive validator's msg
2018/10/15 21:40:03.063830 [0;36m[INFO ][m GID 67, solo actor started
2018/10/15 21:40:03.068314 [0;36m[INFO ][m GID 1, Rpc init success
2018/10/15 21:40:03.073537 [0;36m[INFO ][m GID 1, Local rpc init success
2018/10/15 21:40:03.073586 [0;36m[INFO ][m GID 1, Restful init success
2018/10/15 21:40:03.073648 [0;36m[INFO ][m GID 1, Ws init success
2018/10/15 21:40:09.064983 [0;36m[INFO ][m GID 146, increment validator block height -1 != ledger block height 2019
2018/10/15 21:40:09.065142 [0;36m[INFO ][m GID 146, current block height 2019, increment validator block cache range: [0, 0)
2018/10/15 21:40:09.073114 [0;36m[INFO ][m GID 146, solo actor receives block complete event. block height=2020 txnum=1
2018/10/15 21:40:09.074116 [0;36m[INFO ][m GID 28, CurrentBlockHeight = 2020
2018/10/15 21:40:15.064350 [0;36m[INFO ][m GID 83, current block height 2020, increment validator block cache range: [2020, 2021)
2018/10/15 21:40:15.066945 [0;36m[INFO ][m GID 83, solo actor receives block complete event. block height=2021 txnum=0
2018/10/15 21:40:15.074585 [0;36m[INFO ][m GID 28, CurrentBlockHeight = 2021
2018/10/15 21:40:21.064826 [0;36m[INFO ][m GID 151, current block height 2021, increment validator block cache range: [2020, 2022)
2018/10/15 21:40:21.072743 [0;36m[INFO ][m GID 151, solo actor receives block complete event. block height=2022 txnum=0
2018/10/15 21:40:21.075120 [0;36m[INFO ][m GID 28, CurrentBlockHeight = 2022
2018/10/15 21:40:27.065602 [0;36m[INFO ][m GID 71, current block height 2022, increment validator block cache range: [2020, 2023)
2018/10/15 21:40:27.071899 [0;36m[INFO ][m GID 71, solo actor receives block complete event. block height=2023 txnum=0
2018/10/15 21:40:27.075295 [0;36m[INFO ][m GID 28, CurrentBlockHeight = 2023
2018/10/15 21:40:33.065217 [0;36m[INFO ][m GID 155, current block height 2023, increment validator block cache range: [2020, 2024)
2018/10/15 21:40:33.072354 [0;36m[INFO ][m GID 155, solo actor receives block complete event. block height=2024 txnum=0
2018/10/15 21:40:33.074990 [0;36m[INFO ][m GID 28, CurrentBlockHeight = 2024
2018/10/15 21:40:39.064609 [0;36m[INFO ][m GID 90, current block height 2024, increment validator block cache range: [2020, 2025)
2018/10/15 21:40:39.071253 [0;36m[INFO ][m GID 90, solo actor receives block complete event. block height=2025 txnum=0
2018/10/15 21:40:39.075306 [0;36m[INFO ][m GID 28, CurrentBlockHeight = 2025
2018/10/15 21:40:45.065891 [0;36m[INFO ][m GID 193, current block height 2025, increment validator block cache range: [2020, 2026)
2018/10/15 21:40:45.072294 [0;36m[INFO ][m GID 193, solo actor receives block complete event. block height=2026 txnum=0
2018/10/15 21:40:45.075355 [0;36m[INFO ][m GID 28, CurrentBlockHeight = 2026
2018/10/15 21:40:51.065052 [0;36m[INFO ][m GID 197, current block height 2026, increment validator block cache range: [2020, 2027)
2018/10/15 21:40:51.072711 [0;36m[INFO ][m GID 197, solo actor receives block complete event. block height=2027 txnum=0
2018/10/15 21:40:51.075448 [0;36m[INFO ][m GID 28, CurrentBlockHeight = 2027
2018/10/15 21:40:57.066857 [0;36m[INFO ][m GID 233, current block height 2027, increment validator block cache range: [2020, 2028)
