2018/10/14 21:36:28.726801 [0;36m[INFO ][m GID 1, Config init success
2018/10/14 21:36:29.626084 [0;36m[INFO ][m GID 1, Using account:AUr5QUfeBADq6BMY6Tp5yuMsUNGpsD7nLZ
2018/10/14 21:36:29.626133 [0;36m[INFO ][m GID 1, Account init success
2018/10/14 21:36:29.644786 [0;36m[INFO ][m GID 1, InitCurrentBlock currentBlockHash c944b601c30bbece0731fd0582567458b989109ff73b4f5eec202a93aa961ee0 currentBlockHeight 23
2018/10/14 21:36:29.645154 [0;36m[INFO ][m GID 1, Ledger init success
2018/10/14 21:36:29.646152 [0;36m[INFO ][m GID 1, tx pool: the current local gas price is 0
2018/10/14 21:36:29.647103 [0;36m[INFO ][m GID 58, txpool-tx actor started and be ready to receive tx msg
2018/10/14 21:36:29.647143 [0;36m[INFO ][m GID 1, TxPool init success
2018/10/14 21:36:29.647157 [0;36m[INFO ][m GID 56, txpool-verify actor: started and be ready to receive validator's msg
2018/10/14 21:36:29.647194 [0;36m[INFO ][m GID 59, stateless-validator: started and be ready to receive txn
2018/10/14 21:36:29.647209 [0;36m[INFO ][m GID 57, txpool actor started and be ready to receive txPool msg
2018/10/14 21:36:29.647242 [0;36m[INFO ][m GID 61, stateful-validator: started and be ready to receive txn
2018/10/14 21:36:29.647117 [0;36m[INFO ][m GID 60, stateless-validator: started and be ready to receive txn
2018/10/14 21:36:29.647238 [0;36m[INFO ][m GID 1, ConsensusType:solo
2018/10/14 21:36:29.647338 [0;36m[INFO ][m GID 1, Consensus init success
2018/10/14 21:36:29.647339 [0;36m[INFO ][m GID 62, solo actor started
2018/10/14 21:36:29.653091 [0;36m[INFO ][m GID 1, Rpc init success
2018/10/14 21:36:29.659052 [0;36m[INFO ][m GID 1, Local rpc init success
2018/10/14 21:36:29.659134 [0;36m[INFO ][m GID 1, Restful init success
2018/10/14 21:36:29.659212 [0;36m[INFO ][m GID 1, Ws init success
2018/10/14 21:36:35.647878 [0;36m[INFO ][m GID 27, increment validator block height -1 != ledger block height 23
2018/10/14 21:36:35.647945 [0;36m[INFO ][m GID 27, current block height 23, increment validator block cache range: [0, 0)
2018/10/14 21:36:35.650431 [0;36m[INFO ][m GID 27, solo actor receives block complete event. block height=24 txnum=2
2018/10/14 21:36:35.660369 [0;36m[INFO ][m GID 87, CurrentBlockHeight = 24
2018/10/14 21:36:41.647897 [0;36m[INFO ][m GID 113, current block height 24, increment validator block cache range: [24, 25)
2018/10/14 21:36:41.659851 [0;36m[INFO ][m GID 113, solo actor receives block complete event. block height=25 txnum=0
2018/10/14 21:36:41.660476 [0;36m[INFO ][m GID 87, CurrentBlockHeight = 25
2018/10/14 21:36:47.647420 [0;36m[INFO ][m GID 31, current block height 25, increment validator block cache range: [24, 26)
