2018/10/14 21:33:23.885844 [0;36m[INFO ][m GID 1, Config init success
2018/10/14 21:33:24.780708 [0;36m[INFO ][m GID 1, Using account:AUr5QUfeBADq6BMY6Tp5yuMsUNGpsD7nLZ
2018/10/14 21:33:24.780758 [0;36m[INFO ][m GID 1, Account init success
2018/10/14 21:33:24.792616 [0;36m[INFO ][m GID 1, deploy contract address:0239dcf9b4a46f15c5f23f20d52fac916a0bac0d
2018/10/14 21:33:24.792760 [0;36m[INFO ][m GID 1, deploy contract address:08b6dcfed2aace9190a44ae34a320e42c04b46ac
2018/10/14 21:33:24.792812 [0;36m[INFO ][m GID 1, deploy contract address:7a2f84e3b94d20da1a8592116c0103c28c5e457e
2018/10/14 21:33:24.792864 [0;36m[INFO ][m GID 1, deploy contract address:6815cbe7b4dbad4d2d09ae035141b5254a002f79
2018/10/14 21:33:24.792934 [0;36m[INFO ][m GID 1, deploy contract address:24a15c6aed092dfaa711c4974caf1e9d307bf4b5
2018/10/14 21:33:24.793003 [0;36m[INFO ][m GID 1, deploy contract address:4d6934f0a524a084bb20cff4cdbea236760bb4a3
2018/10/14 21:33:24.795698 [0;36m[INFO ][m GID 1, GenesisBlock init success. GenesisBlock hash:3aac005b70c1e94fcdd3d8fdb25f6e24f57962832164b3ad941ee979b353e67a

2018/10/14 21:33:24.795753 [0;36m[INFO ][m GID 1, Ledger init success
2018/10/14 21:33:24.796349 [0;36m[INFO ][m GID 1, tx pool: the current local gas price is 0
2018/10/14 21:33:24.796944 [0;36m[INFO ][m GID 1, TxPool init success
2018/10/14 21:33:24.797039 [0;36m[INFO ][m GID 64, txpool-tx actor started and be ready to receive tx msg
2018/10/14 21:33:24.797039 [0;36m[INFO ][m GID 65, stateless-validator: started and be ready to receive txn
2018/10/14 21:33:24.797065 [0;36m[INFO ][m GID 66, stateless-validator: started and be ready to receive txn
2018/10/14 21:33:24.797101 [0;36m[INFO ][m GID 67, stateful-validator: started and be ready to receive txn
2018/10/14 21:33:24.797130 [0;36m[INFO ][m GID 1, ConsensusType:solo
2018/10/14 21:33:24.797148 [0;36m[INFO ][m GID 62, txpool-verify actor: started and be ready to receive validator's msg
2018/10/14 21:33:24.797183 [0;36m[INFO ][m GID 63, txpool actor started and be ready to receive txPool msg
2018/10/14 21:33:24.797192 [0;36m[INFO ][m GID 1, Consensus init success
2018/10/14 21:33:24.797196 [0;36m[INFO ][m GID 68, solo actor started
2018/10/14 21:33:24.797730 [0;31m[ERROR][m GID 1, initRpc error:ListenAndServe error:listen tcp :20336: bind: address already in use
