2018/10/15 20:36:57.004202 [0;36m[INFO ][m GID 1, Config init success
2018/10/15 20:36:57.466913 [0;36m[INFO ][m GID 1, Using account:AUr5QUfeBADq6BMY6Tp5yuMsUNGpsD7nLZ
2018/10/15 20:36:57.467000 [0;36m[INFO ][m GID 1, Account init success
2018/10/15 20:36:57.492024 [0;36m[INFO ][m GID 1, InitCurrentBlock currentBlockHash 394615856831a3390627bc48290ba480b1a6920997c03a74bb49bdd69d164ec2 currentBlockHeight 1912
2018/10/15 20:36:57.508879 [0;36m[INFO ][m GID 1, Ledger init success
2018/10/15 20:36:57.510741 [0;36m[INFO ][m GID 1, tx pool: the current local gas price is 0
2018/10/15 20:36:57.511834 [0;36m[INFO ][m GID 1, TxPool init success
2018/10/15 20:36:57.512573 [0;36m[INFO ][m GID 41, stateful-validator: started and be ready to receive txn
2018/10/15 20:36:57.512584 [0;36m[INFO ][m GID 38, txpool-tx actor started and be ready to receive tx msg
2018/10/15 20:36:57.512620 [0;36m[INFO ][m GID 1, ConsensusType:solo
2018/10/15 20:36:57.512676 [0;36m[INFO ][m GID 1, Consensus init success
2018/10/15 20:36:57.512749 [0;36m[INFO ][m GID 37, txpool actor started and be ready to receive txPool msg
2018/10/15 20:36:57.512817 [0;36m[INFO ][m GID 40, stateless-validator: started and be ready to receive txn
2018/10/15 20:36:57.512628 [0;36m[INFO ][m GID 36, txpool-verify actor: started and be ready to receive validator's msg
2018/10/15 20:36:57.512870 [0;36m[INFO ][m GID 39, stateless-validator: started and be ready to receive txn
2018/10/15 20:36:57.513015 [0;36m[INFO ][m GID 65, solo actor started
2018/10/15 20:36:57.518954 [0;36m[INFO ][m GID 1, Rpc init success
2018/10/15 20:36:57.525361 [0;36m[INFO ][m GID 1, Local rpc init success
2018/10/15 20:36:57.525440 [0;36m[INFO ][m GID 1, Restful init success
2018/10/15 20:36:57.525508 [0;36m[INFO ][m GID 1, Ws init success
2018/10/15 20:37:03.514499 [0;36m[INFO ][m GID 54, increment validator block height -1 != ledger block height 1912
2018/10/15 20:37:03.514707 [0;36m[INFO ][m GID 54, current block height 1912, increment validator block cache range: [0, 0)
2018/10/15 20:37:03.523586 [0;36m[INFO ][m GID 54, solo actor receives block complete event. block height=1913 txnum=0
2018/10/15 20:37:03.526028 [0;36m[INFO ][m GID 48, CurrentBlockHeight = 1913
2018/10/15 20:37:09.514637 [0;36m[INFO ][m GID 97, current block height 1913, increment validator block cache range: [1913, 1914)
2018/10/15 20:37:09.515967 [0;36m[INFO ][m GID 97, solo actor receives block complete event. block height=1914 txnum=0
2018/10/15 20:37:09.527014 [0;36m[INFO ][m GID 48, CurrentBlockHeight = 1914
2018/10/15 20:37:15.513496 [0;36m[INFO ][m GID 86, current block height 1914, increment validator block cache range: [1913, 1915)
2018/10/15 20:37:15.519672 [0;36m[INFO ][m GID 86, solo actor receives block complete event. block height=1915 txnum=0
2018/10/15 20:37:15.526533 [0;36m[INFO ][m GID 48, CurrentBlockHeight = 1915
2018/10/15 20:37:21.515446 [0;36m[INFO ][m GID 90, current block height 1915, increment validator block cache range: [1913, 1916)
2018/10/15 20:37:21.521740 [0;36m[INFO ][m GID 90, solo actor receives block complete event. block height=1916 txnum=0
2018/10/15 20:37:21.528372 [0;36m[INFO ][m GID 48, CurrentBlockHeight = 1916
2018/10/15 20:37:27.514841 [0;36m[INFO ][m GID 94, current block height 1916, increment validator block cache range: [1913, 1917)
2018/10/15 20:37:27.521021 [0;36m[INFO ][m GID 94, solo actor receives block complete event. block height=1917 txnum=0
2018/10/15 20:37:27.527267 [0;36m[INFO ][m GID 48, CurrentBlockHeight = 1917
2018/10/15 20:37:33.514277 [0;36m[INFO ][m GID 101, current block height 1917, increment validator block cache range: [1913, 1918)
2018/10/15 20:37:33.521766 [0;36m[INFO ][m GID 101, solo actor receives block complete event. block height=1918 txnum=0
2018/10/15 20:37:33.527281 [0;36m[INFO ][m GID 48, CurrentBlockHeight = 1918
2018/10/15 20:37:39.514277 [0;36m[INFO ][m GID 114, current block height 1918, increment validator block cache range: [1913, 1919)
2018/10/15 20:37:39.520571 [0;36m[INFO ][m GID 114, solo actor receives block complete event. block height=1919 txnum=0
2018/10/15 20:37:39.527438 [0;36m[INFO ][m GID 48, CurrentBlockHeight = 1919
2018/10/15 20:37:45.517323 [0;36m[INFO ][m GID 105, current block height 1919, increment validator block cache range: [1913, 1920)
2018/10/15 20:37:45.523598 [0;36m[INFO ][m GID 105, solo actor receives block complete event. block height=1920 txnum=0
2018/10/15 20:37:45.528770 [0;36m[INFO ][m GID 48, CurrentBlockHeight = 1920
2018/10/15 20:37:51.514031 [0;36m[INFO ][m GID 74, current block height 1920, increment validator block cache range: [1913, 1921)
2018/10/15 20:37:51.520242 [0;36m[INFO ][m GID 74, solo actor receives block complete event. block height=1921 txnum=0
2018/10/15 20:37:51.528736 [0;36m[INFO ][m GID 48, CurrentBlockHeight = 1921
2018/10/15 20:37:57.519296 [0;36m[INFO ][m GID 78, current block height 1921, increment validator block cache range: [1913, 1922)
2018/10/15 20:37:57.525760 [0;36m[INFO ][m GID 78, solo actor receives block complete event. block height=1922 txnum=0
2018/10/15 20:37:57.526435 [0;36m[INFO ][m GID 48, CurrentBlockHeight = 1922
2018/10/15 20:38:03.515509 [0;36m[INFO ][m GID 58, current block height 1922, increment validator block cache range: [1913, 1923)
2018/10/15 20:38:03.523368 [0;36m[INFO ][m GID 58, solo actor receives block complete event. block height=1923 txnum=0
2018/10/15 20:38:03.529454 [0;36m[INFO ][m GID 48, CurrentBlockHeight = 1923
2018/10/15 20:38:09.514524 [0;36m[INFO ][m GID 112, current block height 1923, increment validator block cache range: [1914, 1924)
2018/10/15 20:38:09.520556 [0;36m[INFO ][m GID 112, solo actor receives block complete event. block height=1924 txnum=0
2018/10/15 20:38:09.527471 [0;36m[INFO ][m GID 48, CurrentBlockHeight = 1924
2018/10/15 20:38:15.515209 [0;36m[INFO ][m GID 130, current block height 1924, increment validator block cache range: [1915, 1925)
