2018/10/15 16:59:37.881884 [0;36m[INFO ][m GID 1, Config init success
2018/10/15 16:59:38.315230 [0;36m[INFO ][m GID 1, Using account:AUr5QUfeBADq6BMY6Tp5yuMsUNGpsD7nLZ
2018/10/15 16:59:38.315277 [0;36m[INFO ][m GID 1, Account init success
2018/10/15 16:59:38.333824 [0;36m[INFO ][m GID 1, InitCurrentBlock currentBlockHash 76f979e2cab6aa15413b267f121eeeb4d220385d25aed58ee7f1cbf04b05721e currentBlockHeight 1237
2018/10/15 16:59:38.342231 [0;36m[INFO ][m GID 1, Ledger init success
2018/10/15 16:59:38.343011 [0;36m[INFO ][m GID 1, tx pool: the current local gas price is 0
2018/10/15 16:59:38.343707 [0;36m[INFO ][m GID 1, TxPool init success
2018/10/15 16:59:38.343803 [0;36m[INFO ][m GID 1, ConsensusType:solo
2018/10/15 16:59:38.343848 [0;36m[INFO ][m GID 28, txpool actor started and be ready to receive txPool msg
2018/10/15 16:59:38.343854 [0;36m[INFO ][m GID 1, Consensus init success
2018/10/15 16:59:38.343914 [0;36m[INFO ][m GID 65, solo actor started
2018/10/15 16:59:38.344018 [0;36m[INFO ][m GID 29, txpool-tx actor started and be ready to receive tx msg
2018/10/15 16:59:38.344036 [0;36m[INFO ][m GID 31, stateless-validator: started and be ready to receive txn
2018/10/15 16:59:38.344074 [0;36m[INFO ][m GID 32, stateful-validator: started and be ready to receive txn
2018/10/15 16:59:38.344097 [0;36m[INFO ][m GID 30, stateless-validator: started and be ready to receive txn
2018/10/15 16:59:38.344133 [0;36m[INFO ][m GID 27, txpool-verify actor: started and be ready to receive validator's msg
2018/10/15 16:59:38.349054 [0;36m[INFO ][m GID 1, Rpc init success
2018/10/15 16:59:38.354469 [0;36m[INFO ][m GID 1, Local rpc init success
2018/10/15 16:59:38.354524 [0;36m[INFO ][m GID 1, Restful init success
2018/10/15 16:59:38.354580 [0;36m[INFO ][m GID 1, Ws init success
2018/10/15 16:59:44.344279 [0;36m[INFO ][m GID 78, increment validator block height -1 != ledger block height 1237
2018/10/15 16:59:44.344365 [0;36m[INFO ][m GID 78, current block height 1237, increment validator block cache range: [0, 0)
2018/10/15 16:59:44.351998 [0;36m[INFO ][m GID 78, solo actor receives block complete event. block height=1238 txnum=1
2018/10/15 16:59:44.355452 [0;36m[INFO ][m GID 43, CurrentBlockHeight = 1238
2018/10/15 16:59:50.345067 [0;36m[INFO ][m GID 115, current block height 1238, increment validator block cache range: [1238, 1239)
2018/10/15 16:59:50.350870 [0;36m[INFO ][m GID 115, solo actor receives block complete event. block height=1239 txnum=0
2018/10/15 16:59:50.354871 [0;36m[INFO ][m GID 43, CurrentBlockHeight = 1239
2018/10/15 16:59:56.344333 [0;36m[INFO ][m GID 132, current block height 1239, increment validator block cache range: [1238, 1240)
2018/10/15 16:59:56.346319 [0;36m[INFO ][m GID 132, solo actor receives block complete event. block height=1240 txnum=0
2018/10/15 16:59:56.356010 [0;36m[INFO ][m GID 43, CurrentBlockHeight = 1240
2018/10/15 17:00:02.344441 [0;36m[INFO ][m GID 82, current block height 1240, increment validator block cache range: [1238, 1241)
2018/10/15 17:00:02.346909 [0;36m[INFO ][m GID 82, solo actor receives block complete event. block height=1241 txnum=0
2018/10/15 17:00:02.355074 [0;36m[INFO ][m GID 43, CurrentBlockHeight = 1241
2018/10/15 17:00:08.345275 [0;36m[INFO ][m GID 124, current block height 1241, increment validator block cache range: [1238, 1242)
2018/10/15 17:00:08.352013 [0;36m[INFO ][m GID 124, solo actor receives block complete event. block height=1242 txnum=0
2018/10/15 17:00:08.355079 [0;36m[INFO ][m GID 43, CurrentBlockHeight = 1242
2018/10/15 17:00:14.344566 [0;36m[INFO ][m GID 86, current block height 1242, increment validator block cache range: [1238, 1243)
2018/10/15 17:00:14.345525 [0;36m[INFO ][m GID 86, solo actor receives block complete event. block height=1243 txnum=0
2018/10/15 17:00:14.355557 [0;36m[INFO ][m GID 43, CurrentBlockHeight = 1243
2018/10/15 17:00:20.345600 [0;36m[INFO ][m GID 128, current block height 1243, increment validator block cache range: [1238, 1244)
2018/10/15 17:00:20.351745 [0;36m[INFO ][m GID 128, solo actor receives block complete event. block height=1244 txnum=0
2018/10/15 17:00:20.355313 [0;36m[INFO ][m GID 43, CurrentBlockHeight = 1244
2018/10/15 17:00:26.345015 [0;36m[INFO ][m GID 48, current block height 1244, increment validator block cache range: [1238, 1245)
2018/10/15 17:00:26.350996 [0;36m[INFO ][m GID 48, solo actor receives block complete event. block height=1245 txnum=0
2018/10/15 17:00:26.356381 [0;36m[INFO ][m GID 43, CurrentBlockHeight = 1245
2018/10/15 17:00:32.344828 [0;36m[INFO ][m GID 164, current block height 1245, increment validator block cache range: [1238, 1246)
2018/10/15 17:00:32.350907 [0;36m[INFO ][m GID 164, solo actor receives block complete event. block height=1246 txnum=0
2018/10/15 17:00:32.356524 [0;36m[INFO ][m GID 43, CurrentBlockHeight = 1246
2018/10/15 17:00:38.345729 [0;36m[INFO ][m GID 168, current block height 1246, increment validator block cache range: [1238, 1247)
2018/10/15 17:00:38.347731 [0;36m[INFO ][m GID 168, solo actor receives block complete event. block height=1247 txnum=0
2018/10/15 17:00:38.356457 [0;36m[INFO ][m GID 43, CurrentBlockHeight = 1247
2018/10/15 17:00:44.344912 [0;36m[INFO ][m GID 135, current block height 1247, increment validator block cache range: [1238, 1248)
2018/10/15 17:00:44.351866 [0;36m[INFO ][m GID 135, solo actor receives block complete event. block height=1248 txnum=0
2018/10/15 17:00:44.355577 [0;36m[INFO ][m GID 43, CurrentBlockHeight = 1248
2018/10/15 17:00:50.345263 [0;36m[INFO ][m GID 173, current block height 1248, increment validator block cache range: [1239, 1249)
2018/10/15 17:00:50.352432 [0;36m[INFO ][m GID 173, solo actor receives block complete event. block height=1249 txnum=0
2018/10/15 17:00:50.355909 [0;36m[INFO ][m GID 43, CurrentBlockHeight = 1249
2018/10/15 17:00:56.345208 [0;36m[INFO ][m GID 139, current block height 1249, increment validator block cache range: [1240, 1250)
2018/10/15 17:00:56.352053 [0;36m[INFO ][m GID 139, solo actor receives block complete event. block height=1250 txnum=0
2018/10/15 17:00:56.357660 [0;36m[INFO ][m GID 43, CurrentBlockHeight = 1250
2018/10/15 17:01:02.345130 [0;36m[INFO ][m GID 178, current block height 1250, increment validator block cache range: [1241, 1251)
2018/10/15 17:01:02.352140 [0;36m[INFO ][m GID 178, solo actor receives block complete event. block height=1251 txnum=0
2018/10/15 17:01:02.355742 [0;36m[INFO ][m GID 43, CurrentBlockHeight = 1251
2018/10/15 17:01:08.345279 [0;36m[INFO ][m GID 182, current block height 1251, increment validator block cache range: [1242, 1252)
2018/10/15 17:01:08.349023 [0;36m[INFO ][m GID 182, solo actor receives block complete event. block height=1252 txnum=0
2018/10/15 17:01:08.355835 [0;36m[INFO ][m GID 43, CurrentBlockHeight = 1252
2018/10/15 17:01:14.345530 [0;36m[INFO ][m GID 186, current block height 1252, increment validator block cache range: [1243, 1253)
2018/10/15 17:01:14.352239 [0;36m[INFO ][m GID 186, solo actor receives block complete event. block height=1253 txnum=0
2018/10/15 17:01:14.355928 [0;36m[INFO ][m GID 43, CurrentBlockHeight = 1253
2018/10/15 17:01:20.345456 [0;36m[INFO ][m GID 191, current block height 1253, increment validator block cache range: [1244, 1254)
2018/10/15 17:01:20.352545 [0;36m[INFO ][m GID 191, solo actor receives block complete event. block height=1254 txnum=0
2018/10/15 17:01:20.356944 [0;36m[INFO ][m GID 43, CurrentBlockHeight = 1254
2018/10/15 17:01:26.345495 [0;36m[INFO ][m GID 94, current block height 1254, increment validator block cache range: [1245, 1255)
2018/10/15 17:01:26.352433 [0;36m[INFO ][m GID 94, solo actor receives block complete event. block height=1255 txnum=0
2018/10/15 17:01:26.356608 [0;36m[INFO ][m GID 43, CurrentBlockHeight = 1255
2018/10/15 17:01:32.346677 [0;36m[INFO ][m GID 150, current block height 1255, increment validator block cache range: [1246, 1256)
