2018/10/14 21:36:47.530591 [0;36m[INFO ][m GID 1, Config init success
2018/10/14 21:36:48.440839 [0;36m[INFO ][m GID 1, Using account:AUr5QUfeBADq6BMY6Tp5yuMsUNGpsD7nLZ
2018/10/14 21:36:48.440886 [0;36m[INFO ][m GID 1, Account init success
2018/10/14 21:36:48.450880 [0;36m[INFO ][m GID 1, deploy contract address:0239dcf9b4a46f15c5f23f20d52fac916a0bac0d
2018/10/14 21:36:48.451030 [0;36m[INFO ][m GID 1, deploy contract address:08b6dcfed2aace9190a44ae34a320e42c04b46ac
2018/10/14 21:36:48.451082 [0;36m[INFO ][m GID 1, deploy contract address:7a2f84e3b94d20da1a8592116c0103c28c5e457e
2018/10/14 21:36:48.451128 [0;36m[INFO ][m GID 1, deploy contract address:6815cbe7b4dbad4d2d09ae035141b5254a002f79
2018/10/14 21:36:48.451172 [0;36m[INFO ][m GID 1, deploy contract address:24a15c6aed092dfaa711c4974caf1e9d307bf4b5
2018/10/14 21:36:48.451217 [0;36m[INFO ][m GID 1, deploy contract address:4d6934f0a524a084bb20cff4cdbea236760bb4a3
2018/10/14 21:36:48.453083 [0;36m[INFO ][m GID 1, GenesisBlock init success. GenesisBlock hash:3aac005b70c1e94fcdd3d8fdb25f6e24f57962832164b3ad941ee979b353e67a

2018/10/14 21:36:48.453129 [0;36m[INFO ][m GID 1, Ledger init success
2018/10/14 21:36:48.453685 [0;36m[INFO ][m GID 1, tx pool: the current local gas price is 0
2018/10/14 21:36:48.454194 [0;36m[INFO ][m GID 1, TxPool init success
2018/10/14 21:36:48.454275 [0;36m[INFO ][m GID 1, ConsensusType:solo
2018/10/14 21:36:48.454307 [0;36m[INFO ][m GID 47, stateless-validator: started and be ready to receive txn
2018/10/14 21:36:48.454333 [0;36m[INFO ][m GID 48, stateless-validator: started and be ready to receive txn
2018/10/14 21:36:48.454394 [0;36m[INFO ][m GID 44, txpool-verify actor: started and be ready to receive validator's msg
2018/10/14 21:36:48.454438 [0;36m[INFO ][m GID 81, stateful-validator: started and be ready to receive txn
2018/10/14 21:36:48.454443 [0;36m[INFO ][m GID 46, txpool-tx actor started and be ready to receive tx msg
2018/10/14 21:36:48.454438 [0;36m[INFO ][m GID 1, Consensus init success
2018/10/14 21:36:48.454445 [0;36m[INFO ][m GID 45, txpool actor started and be ready to receive txPool msg
2018/10/14 21:36:48.454454 [0;36m[INFO ][m GID 82, solo actor started
2018/10/14 21:36:48.459617 [0;36m[INFO ][m GID 1, Rpc init success
2018/10/14 21:36:48.464882 [0;36m[INFO ][m GID 1, Local rpc init success
2018/10/14 21:36:48.464963 [0;36m[INFO ][m GID 1, Restful init success
2018/10/14 21:36:48.465044 [0;36m[INFO ][m GID 1, Ws init success
2018/10/14 21:36:54.455393 [0;36m[INFO ][m GID 28, increment validator block height -1 != ledger block height 0
2018/10/14 21:36:54.455512 [0;36m[INFO ][m GID 28, current block height 0, increment validator block cache range: [0, 0)
2018/10/14 21:36:54.457407 [0;36m[INFO ][m GID 28, solo actor receives block complete event. block height=1 txnum=0
2018/10/14 21:36:54.466193 [0;36m[INFO ][m GID 103, CurrentBlockHeight = 1
2018/10/14 21:37:00.455378 [0;36m[INFO ][m GID 147, current block height 1, increment validator block cache range: [1, 2)
2018/10/14 21:37:00.462033 [0;36m[INFO ][m GID 147, solo actor receives block complete event. block height=2 txnum=1
2018/10/14 21:37:00.465104 [0;36m[INFO ][m GID 103, CurrentBlockHeight = 2
2018/10/14 21:37:06.454625 [0;36m[INFO ][m GID 32, current block height 2, increment validator block cache range: [1, 3)
2018/10/14 21:37:06.460707 [0;36m[INFO ][m GID 32, solo actor receives block complete event. block height=3 txnum=0
2018/10/14 21:37:06.465741 [0;36m[INFO ][m GID 103, CurrentBlockHeight = 3
2018/10/14 21:37:12.455128 [0;36m[INFO ][m GID 134, current block height 3, increment validator block cache range: [1, 4)
2018/10/14 21:37:12.462874 [0;36m[INFO ][m GID 134, solo actor receives block complete event. block height=4 txnum=0
2018/10/14 21:37:12.465857 [0;36m[INFO ][m GID 103, CurrentBlockHeight = 4
2018/10/14 21:37:18.454816 [0;36m[INFO ][m GID 138, current block height 4, increment validator block cache range: [1, 5)
2018/10/14 21:37:18.461089 [0;36m[INFO ][m GID 138, solo actor receives block complete event. block height=5 txnum=0
2018/10/14 21:37:18.464724 [0;36m[INFO ][m GID 103, CurrentBlockHeight = 5
2018/10/14 21:37:24.454343 [0;36m[INFO ][m GID 142, current block height 5, increment validator block cache range: [1, 6)
2018/10/14 21:37:24.460647 [0;36m[INFO ][m GID 142, solo actor receives block complete event. block height=6 txnum=0
2018/10/14 21:37:24.465233 [0;36m[INFO ][m GID 103, CurrentBlockHeight = 6
2018/10/14 21:37:30.454536 [0;36m[INFO ][m GID 116, current block height 6, increment validator block cache range: [1, 7)
2018/10/14 21:37:30.461604 [0;36m[INFO ][m GID 116, solo actor receives block complete event. block height=7 txnum=0
2018/10/14 21:37:30.464232 [0;36m[INFO ][m GID 103, CurrentBlockHeight = 7
2018/10/14 21:37:36.453651 [0;36m[INFO ][m GID 11, current block height 7, increment validator block cache range: [1, 8)
2018/10/14 21:37:36.456360 [0;36m[INFO ][m GID 11, solo actor receives block complete event. block height=8 txnum=0
2018/10/14 21:37:36.464210 [0;36m[INFO ][m GID 103, CurrentBlockHeight = 8
2018/10/14 21:37:42.454644 [0;36m[INFO ][m GID 70, current block height 8, increment validator block cache range: [1, 9)
2018/10/14 21:37:42.462349 [0;36m[INFO ][m GID 70, solo actor receives block complete event. block height=9 txnum=0
2018/10/14 21:37:42.465174 [0;36m[INFO ][m GID 103, CurrentBlockHeight = 9
2018/10/14 21:37:48.453602 [0;36m[INFO ][m GID 86, current block height 9, increment validator block cache range: [1, 10)
2018/10/14 21:37:48.461039 [0;36m[INFO ][m GID 86, solo actor receives block complete event. block height=10 txnum=0
2018/10/14 21:37:48.464926 [0;36m[INFO ][m GID 103, CurrentBlockHeight = 10
2018/10/14 21:37:54.453776 [0;36m[INFO ][m GID 90, current block height 10, increment validator block cache range: [1, 11)
2018/10/14 21:37:54.454645 [0;36m[INFO ][m GID 90, solo actor receives block complete event. block height=11 txnum=0
2018/10/14 21:37:54.463867 [0;36m[INFO ][m GID 103, CurrentBlockHeight = 11
2018/10/14 21:38:00.454067 [0;36m[INFO ][m GID 94, current block height 11, increment validator block cache range: [2, 12)
2018/10/14 21:38:00.456915 [0;36m[INFO ][m GID 94, solo actor receives block complete event. block height=12 txnum=0
2018/10/14 21:38:00.464828 [0;36m[INFO ][m GID 103, CurrentBlockHeight = 12
2018/10/14 21:38:06.453070 [0;36m[INFO ][m GID 166, current block height 12, increment validator block cache range: [3, 13)
2018/10/14 21:38:06.455165 [0;36m[INFO ][m GID 166, solo actor receives block complete event. block height=13 txnum=0
2018/10/14 21:38:06.464441 [0;36m[INFO ][m GID 103, CurrentBlockHeight = 13
2018/10/14 21:38:12.453072 [0;36m[INFO ][m GID 195, current block height 13, increment validator block cache range: [4, 14)
2018/10/14 21:38:12.454671 [0;36m[INFO ][m GID 195, solo actor receives block complete event. block height=14 txnum=0
2018/10/14 21:38:12.464487 [0;36m[INFO ][m GID 103, CurrentBlockHeight = 14
2018/10/14 21:38:18.453404 [0;36m[INFO ][m GID 209, current block height 14, increment validator block cache range: [5, 15)
2018/10/14 21:38:18.460476 [0;36m[INFO ][m GID 209, solo actor receives block complete event. block height=15 txnum=0
2018/10/14 21:38:18.464341 [0;36m[INFO ][m GID 103, CurrentBlockHeight = 15
2018/10/14 21:38:24.453499 [0;36m[INFO ][m GID 199, current block height 15, increment validator block cache range: [6, 16)
2018/10/14 21:38:24.461005 [0;36m[INFO ][m GID 199, solo actor receives block complete event. block height=16 txnum=0
2018/10/14 21:38:24.464204 [0;36m[INFO ][m GID 103, CurrentBlockHeight = 16
2018/10/14 21:38:30.452809 [0;36m[INFO ][m GID 172, current block height 16, increment validator block cache range: [7, 17)
