2018/10/14 21:34:02.368902 [0;36m[INFO ][m GID 1, Config init success
2018/10/14 21:34:03.302045 [0;36m[INFO ][m GID 1, Using account:AUr5QUfeBADq6BMY6Tp5yuMsUNGpsD7nLZ
2018/10/14 21:34:03.302126 [0;36m[INFO ][m GID 1, Account init success
2018/10/14 21:34:03.323467 [0;36m[INFO ][m GID 1, deploy contract address:0239dcf9b4a46f15c5f23f20d52fac916a0bac0d
2018/10/14 21:34:03.323629 [0;36m[INFO ][m GID 1, deploy contract address:08b6dcfed2aace9190a44ae34a320e42c04b46ac
2018/10/14 21:34:03.323685 [0;36m[INFO ][m GID 1, deploy contract address:7a2f84e3b94d20da1a8592116c0103c28c5e457e
2018/10/14 21:34:03.323735 [0;36m[INFO ][m GID 1, deploy contract address:6815cbe7b4dbad4d2d09ae035141b5254a002f79
2018/10/14 21:34:03.323784 [0;36m[INFO ][m GID 1, deploy contract address:24a15c6aed092dfaa711c4974caf1e9d307bf4b5
2018/10/14 21:34:03.323832 [0;36m[INFO ][m GID 1, deploy contract address:4d6934f0a524a084bb20cff4cdbea236760bb4a3
2018/10/14 21:34:03.326788 [0;36m[INFO ][m GID 1, GenesisBlock init success. GenesisBlock hash:3aac005b70c1e94fcdd3d8fdb25f6e24f57962832164b3ad941ee979b353e67a

2018/10/14 21:34:03.326857 [0;36m[INFO ][m GID 1, Ledger init success
2018/10/14 21:34:03.327536 [0;36m[INFO ][m GID 1, tx pool: the current local gas price is 0
2018/10/14 21:34:03.328212 [0;36m[INFO ][m GID 1, TxPool init success
2018/10/14 21:34:03.328254 [0;36m[INFO ][m GID 77, txpool-verify actor: started and be ready to receive validator's msg
2018/10/14 21:34:03.328286 [0;36m[INFO ][m GID 79, txpool-tx actor started and be ready to receive tx msg
2018/10/14 21:34:03.328303 [0;36m[INFO ][m GID 1, ConsensusType:solo
2018/10/14 21:34:03.328340 [0;36m[INFO ][m GID 78, txpool actor started and be ready to receive txPool msg
2018/10/14 21:34:03.328367 [0;36m[INFO ][m GID 83, solo actor started
2018/10/14 21:34:03.328430 [0;36m[INFO ][m GID 82, stateful-validator: started and be ready to receive txn
2018/10/14 21:34:03.328444 [0;36m[INFO ][m GID 81, stateless-validator: started and be ready to receive txn
2018/10/14 21:34:03.328473 [0;36m[INFO ][m GID 1, Consensus init success
2018/10/14 21:34:03.328517 [0;36m[INFO ][m GID 80, stateless-validator: started and be ready to receive txn
2018/10/14 21:34:03.333782 [0;36m[INFO ][m GID 1, Rpc init success
2018/10/14 21:34:03.339052 [0;36m[INFO ][m GID 1, Local rpc init success
2018/10/14 21:34:03.339158 [0;36m[INFO ][m GID 1, Restful init success
2018/10/14 21:34:03.339254 [0;36m[INFO ][m GID 1, Ws init success
2018/10/14 21:34:09.328831 [0;36m[INFO ][m GID 86, increment validator block height -1 != ledger block height 0
2018/10/14 21:34:09.329047 [0;36m[INFO ][m GID 86, current block height 0, increment validator block cache range: [0, 0)
2018/10/14 21:34:09.331606 [0;36m[INFO ][m GID 86, solo actor receives block complete event. block height=1 txnum=0
2018/10/14 21:34:09.340392 [0;36m[INFO ][m GID 40, CurrentBlockHeight = 1
2018/10/14 21:34:15.331462 [0;36m[INFO ][m GID 91, current block height 1, increment validator block cache range: [1, 2)
2018/10/14 21:34:15.339467 [0;36m[INFO ][m GID 91, solo actor receives block complete event. block height=2 txnum=1
2018/10/14 21:34:15.340521 [0;36m[INFO ][m GID 40, CurrentBlockHeight = 2
2018/10/14 21:34:21.330670 [0;36m[INFO ][m GID 96, current block height 2, increment validator block cache range: [1, 3)
2018/10/14 21:34:21.337036 [0;36m[INFO ][m GID 96, solo actor receives block complete event. block height=3 txnum=0
2018/10/14 21:34:21.339117 [0;36m[INFO ][m GID 40, CurrentBlockHeight = 3
2018/10/14 21:34:27.328297 [0;36m[INFO ][m GID 116, current block height 3, increment validator block cache range: [1, 4)
2018/10/14 21:34:27.329443 [0;36m[INFO ][m GID 116, solo actor receives block complete event. block height=4 txnum=0
2018/10/14 21:34:27.339167 [0;36m[INFO ][m GID 40, CurrentBlockHeight = 4
2018/10/14 21:34:33.328650 [0;36m[INFO ][m GID 98, current block height 4, increment validator block cache range: [1, 5)
2018/10/14 21:34:33.329898 [0;36m[INFO ][m GID 98, solo actor receives block complete event. block height=5 txnum=0
2018/10/14 21:34:33.339978 [0;36m[INFO ][m GID 40, CurrentBlockHeight = 5
2018/10/14 21:34:39.329014 [0;36m[INFO ][m GID 58, current block height 5, increment validator block cache range: [1, 6)
2018/10/14 21:34:39.336147 [0;36m[INFO ][m GID 58, solo actor receives block complete event. block height=6 txnum=0
2018/10/14 21:34:39.339451 [0;36m[INFO ][m GID 40, CurrentBlockHeight = 6
2018/10/14 21:34:45.332182 [0;36m[INFO ][m GID 102, current block height 6, increment validator block cache range: [1, 7)
2018/10/14 21:34:45.339237 [0;36m[INFO ][m GID 40, CurrentBlockHeight = 6
2018/10/14 21:34:45.339898 [0;36m[INFO ][m GID 102, solo actor receives block complete event. block height=7 txnum=0
2018/10/14 21:34:51.328645 [0;36m[INFO ][m GID 106, current block height 7, increment validator block cache range: [1, 8)
2018/10/14 21:34:51.331455 [0;36m[INFO ][m GID 106, solo actor receives block complete event. block height=8 txnum=0
2018/10/14 21:34:51.340982 [0;36m[INFO ][m GID 40, CurrentBlockHeight = 8
2018/10/14 21:34:57.328560 [0;36m[INFO ][m GID 124, current block height 8, increment validator block cache range: [1, 9)
2018/10/14 21:34:57.334968 [0;36m[INFO ][m GID 124, solo actor receives block complete event. block height=9 txnum=0
2018/10/14 21:34:57.338437 [0;36m[INFO ][m GID 40, CurrentBlockHeight = 9
2018/10/14 21:35:03.327454 [0;36m[INFO ][m GID 62, current block height 9, increment validator block cache range: [1, 10)
2018/10/14 21:35:03.333849 [0;36m[INFO ][m GID 62, solo actor receives block complete event. block height=10 txnum=0
2018/10/14 21:35:03.339266 [0;36m[INFO ][m GID 40, CurrentBlockHeight = 10
2018/10/14 21:35:09.327327 [0;36m[INFO ][m GID 130, current block height 10, increment validator block cache range: [1, 11)
2018/10/14 21:35:09.330949 [0;36m[INFO ][m GID 130, solo actor receives block complete event. block height=11 txnum=0
2018/10/14 21:35:09.340873 [0;36m[INFO ][m GID 40, CurrentBlockHeight = 11
2018/10/14 21:35:15.328042 [0;36m[INFO ][m GID 134, current block height 11, increment validator block cache range: [2, 12)
2018/10/14 21:35:15.335545 [0;36m[INFO ][m GID 134, solo actor receives block complete event. block height=12 txnum=0
2018/10/14 21:35:15.337780 [0;36m[INFO ][m GID 40, CurrentBlockHeight = 12
2018/10/14 21:35:21.327801 [0;36m[INFO ][m GID 138, current block height 12, increment validator block cache range: [3, 13)
2018/10/14 21:35:21.329456 [0;36m[INFO ][m GID 138, solo actor receives block complete event. block height=13 txnum=0
2018/10/14 21:35:21.338355 [0;36m[INFO ][m GID 40, CurrentBlockHeight = 13
2018/10/14 21:35:27.327866 [0;36m[INFO ][m GID 146, current block height 13, increment validator block cache range: [4, 14)
2018/10/14 21:35:27.331930 [0;36m[INFO ][m GID 146, solo actor receives block complete event. block height=14 txnum=0
2018/10/14 21:35:27.338722 [0;36m[INFO ][m GID 40, CurrentBlockHeight = 14
2018/10/14 21:35:33.326785 [0;36m[INFO ][m GID 43, current block height 14, increment validator block cache range: [5, 15)
2018/10/14 21:35:33.333218 [0;36m[INFO ][m GID 43, solo actor receives block complete event. block height=15 txnum=0
2018/10/14 21:35:33.338638 [0;36m[INFO ][m GID 40, CurrentBlockHeight = 15
2018/10/14 21:35:39.326425 [0;36m[INFO ][m GID 161, current block height 15, increment validator block cache range: [6, 16)
2018/10/14 21:35:39.328278 [0;36m[INFO ][m GID 161, solo actor receives block complete event. block height=16 txnum=0
2018/10/14 21:35:39.337630 [0;36m[INFO ][m GID 40, CurrentBlockHeight = 16
2018/10/14 21:35:45.327497 [0;36m[INFO ][m GID 48, current block height 16, increment validator block cache range: [7, 17)
2018/10/14 21:35:45.335016 [0;36m[INFO ][m GID 48, solo actor receives block complete event. block height=17 txnum=0
2018/10/14 21:35:45.339766 [0;36m[INFO ][m GID 40, CurrentBlockHeight = 17
2018/10/14 21:35:51.326710 [0;36m[INFO ][m GID 144, current block height 17, increment validator block cache range: [8, 18)
2018/10/14 21:35:51.327399 [0;36m[INFO ][m GID 144, solo actor receives block complete event. block height=18 txnum=0
2018/10/14 21:35:51.338228 [0;36m[INFO ][m GID 40, CurrentBlockHeight = 18
2018/10/14 21:35:57.327053 [0;36m[INFO ][m GID 194, current block height 18, increment validator block cache range: [9, 19)
2018/10/14 21:35:57.330546 [0;36m[INFO ][m GID 194, solo actor receives block complete event. block height=19 txnum=0
2018/10/14 21:35:57.337812 [0;36m[INFO ][m GID 40, CurrentBlockHeight = 19
2018/10/14 21:36:03.326462 [0;36m[INFO ][m GID 199, current block height 19, increment validator block cache range: [10, 20)
2018/10/14 21:36:03.334079 [0;36m[INFO ][m GID 199, solo actor receives block complete event. block height=20 txnum=0
2018/10/14 21:36:03.336870 [0;36m[INFO ][m GID 40, CurrentBlockHeight = 20
2018/10/14 21:36:09.326020 [0;36m[INFO ][m GID 204, current block height 20, increment validator block cache range: [11, 21)
2018/10/14 21:36:09.332654 [0;36m[INFO ][m GID 204, solo actor receives block complete event. block height=21 txnum=0
2018/10/14 21:36:09.337855 [0;36m[INFO ][m GID 40, CurrentBlockHeight = 21
2018/10/14 21:36:15.326574 [0;36m[INFO ][m GID 180, current block height 21, increment validator block cache range: [12, 22)
2018/10/14 21:36:15.328149 [0;36m[INFO ][m GID 180, solo actor receives block complete event. block height=22 txnum=0
2018/10/14 21:36:15.336588 [0;36m[INFO ][m GID 40, CurrentBlockHeight = 22
2018/10/14 21:36:21.325605 [0;36m[INFO ][m GID 184, current block height 22, increment validator block cache range: [13, 23)
2018/10/14 21:36:21.327841 [0;36m[INFO ][m GID 184, solo actor receives block complete event. block height=23 txnum=0
2018/10/14 21:36:21.337337 [0;36m[INFO ][m GID 40, CurrentBlockHeight = 23
2018/10/14 21:36:27.326553 [0;36m[INFO ][m GID 188, current block height 23, increment validator block cache range: [14, 24)
