2018/10/14 21:38:36.971665 [0;36m[INFO ][m GID 1, Config init success
2018/10/14 21:38:37.413911 [0;36m[INFO ][m GID 1, Using account:AUr5QUfeBADq6BMY6Tp5yuMsUNGpsD7nLZ
2018/10/14 21:38:37.413959 [0;36m[INFO ][m GID 1, Account init success
2018/10/14 21:38:37.427030 [0;36m[INFO ][m GID 1, deploy contract address:0239dcf9b4a46f15c5f23f20d52fac916a0bac0d
2018/10/14 21:38:37.427198 [0;36m[INFO ][m GID 1, deploy contract address:08b6dcfed2aace9190a44ae34a320e42c04b46ac
2018/10/14 21:38:37.427254 [0;36m[INFO ][m GID 1, deploy contract address:7a2f84e3b94d20da1a8592116c0103c28c5e457e
2018/10/14 21:38:37.427302 [0;36m[INFO ][m GID 1, deploy contract address:6815cbe7b4dbad4d2d09ae035141b5254a002f79
2018/10/14 21:38:37.427346 [0;36m[INFO ][m GID 1, deploy contract address:24a15c6aed092dfaa711c4974caf1e9d307bf4b5
2018/10/14 21:38:37.427412 [0;36m[INFO ][m GID 1, deploy contract address:4d6934f0a524a084bb20cff4cdbea236760bb4a3
2018/10/14 21:38:37.429734 [0;36m[INFO ][m GID 1, GenesisBlock init success. GenesisBlock hash:3aac005b70c1e94fcdd3d8fdb25f6e24f57962832164b3ad941ee979b353e67a

2018/10/14 21:38:37.429788 [0;36m[INFO ][m GID 1, Ledger init success
2018/10/14 21:38:37.430568 [0;36m[INFO ][m GID 1, tx pool: the current local gas price is 0
2018/10/14 21:38:37.431284 [0;36m[INFO ][m GID 1, TxPool init success
2018/10/14 21:38:37.431337 [0;36m[INFO ][m GID 58, stateless-validator: started and be ready to receive txn
2018/10/14 21:38:37.431352 [0;36m[INFO ][m GID 55, txpool-verify actor: started and be ready to receive validator's msg
2018/10/14 21:38:37.431396 [0;36m[INFO ][m GID 1, ConsensusType:solo
2018/10/14 21:38:37.431408 [0;36m[INFO ][m GID 57, txpool-tx actor started and be ready to receive tx msg
2018/10/14 21:38:37.431431 [0;36m[INFO ][m GID 59, stateless-validator: started and be ready to receive txn
2018/10/14 21:38:37.431422 [0;36m[INFO ][m GID 60, stateful-validator: started and be ready to receive txn
2018/10/14 21:38:37.431457 [0;36m[INFO ][m GID 56, txpool actor started and be ready to receive txPool msg
2018/10/14 21:38:37.431476 [0;36m[INFO ][m GID 1, Consensus init success
2018/10/14 21:38:37.431503 [0;36m[INFO ][m GID 61, solo actor started
2018/10/14 21:38:37.436641 [0;36m[INFO ][m GID 1, Rpc init success
2018/10/14 21:38:37.442056 [0;36m[INFO ][m GID 1, Local rpc init success
2018/10/14 21:38:37.442141 [0;36m[INFO ][m GID 1, Restful init success
2018/10/14 21:38:37.442252 [0;36m[INFO ][m GID 1, Ws init success
2018/10/14 21:38:43.432663 [0;36m[INFO ][m GID 82, increment validator block height -1 != ledger block height 0
2018/10/14 21:38:43.432782 [0;36m[INFO ][m GID 82, current block height 0, increment validator block cache range: [0, 0)
2018/10/14 21:38:43.437325 [0;36m[INFO ][m GID 82, solo actor receives block complete event. block height=1 txnum=0
2018/10/14 21:38:43.443302 [0;36m[INFO ][m GID 69, CurrentBlockHeight = 1
2018/10/14 21:38:49.432377 [0;36m[INFO ][m GID 16, current block height 1, increment validator block cache range: [1, 2)
2018/10/14 21:38:49.438970 [0;36m[INFO ][m GID 16, solo actor receives block complete event. block height=2 txnum=0
2018/10/14 21:38:49.442430 [0;36m[INFO ][m GID 69, CurrentBlockHeight = 2
2018/10/14 21:38:55.431323 [0;36m[INFO ][m GID 86, current block height 2, increment validator block cache range: [1, 3)
2018/10/14 21:38:55.433073 [0;36m[INFO ][m GID 86, solo actor receives block complete event. block height=3 txnum=0
2018/10/14 21:38:55.442056 [0;36m[INFO ][m GID 69, CurrentBlockHeight = 3
2018/10/14 21:39:01.431924 [0;36m[INFO ][m GID 99, current block height 3, increment validator block cache range: [1, 4)
2018/10/14 21:39:01.433332 [0;36m[INFO ][m GID 99, solo actor receives block complete event. block height=4 txnum=0
2018/10/14 21:39:01.442437 [0;36m[INFO ][m GID 69, CurrentBlockHeight = 4
2018/10/14 21:39:07.432095 [0;36m[INFO ][m GID 103, current block height 4, increment validator block cache range: [1, 5)
2018/10/14 21:39:07.439042 [0;36m[INFO ][m GID 103, solo actor receives block complete event. block height=5 txnum=0
2018/10/14 21:39:07.444329 [0;36m[INFO ][m GID 69, CurrentBlockHeight = 5
2018/10/14 21:39:13.432502 [0;36m[INFO ][m GID 116, current block height 5, increment validator block cache range: [1, 6)
2018/10/14 21:39:13.439269 [0;36m[INFO ][m GID 116, solo actor receives block complete event. block height=6 txnum=0
2018/10/14 21:39:13.442172 [0;36m[INFO ][m GID 69, CurrentBlockHeight = 6
2018/10/14 21:39:19.430975 [0;36m[INFO ][m GID 107, current block height 6, increment validator block cache range: [1, 7)
2018/10/14 21:39:19.433308 [0;36m[INFO ][m GID 107, solo actor receives block complete event. block height=7 txnum=0
2018/10/14 21:39:19.442513 [0;36m[INFO ][m GID 69, CurrentBlockHeight = 7
2018/10/14 21:39:25.431652 [0;36m[INFO ][m GID 26, current block height 7, increment validator block cache range: [1, 8)
2018/10/14 21:39:25.437920 [0;36m[INFO ][m GID 26, solo actor receives block complete event. block height=8 txnum=0
2018/10/14 21:39:25.442567 [0;36m[INFO ][m GID 69, CurrentBlockHeight = 8
2018/10/14 21:39:31.431377 [0;36m[INFO ][m GID 120, current block height 8, increment validator block cache range: [1, 9)
