2018/10/14 21:39:31.817830 [0;36m[INFO ][m GID 1, Config init success
2018/10/14 21:39:32.266651 [0;36m[INFO ][m GID 1, Using account:AUr5QUfeBADq6BMY6Tp5yuMsUNGpsD7nLZ
2018/10/14 21:39:32.266699 [0;36m[INFO ][m GID 1, Account init success
2018/10/14 21:39:32.277328 [0;36m[INFO ][m GID 1, deploy contract address:0239dcf9b4a46f15c5f23f20d52fac916a0bac0d
2018/10/14 21:39:32.277474 [0;36m[INFO ][m GID 1, deploy contract address:08b6dcfed2aace9190a44ae34a320e42c04b46ac
2018/10/14 21:39:32.277527 [0;36m[INFO ][m GID 1, deploy contract address:7a2f84e3b94d20da1a8592116c0103c28c5e457e
2018/10/14 21:39:32.277574 [0;36m[INFO ][m GID 1, deploy contract address:6815cbe7b4dbad4d2d09ae035141b5254a002f79
2018/10/14 21:39:32.277618 [0;36m[INFO ][m GID 1, deploy contract address:24a15c6aed092dfaa711c4974caf1e9d307bf4b5
2018/10/14 21:39:32.277664 [0;36m[INFO ][m GID 1, deploy contract address:4d6934f0a524a084bb20cff4cdbea236760bb4a3
2018/10/14 21:39:32.279511 [0;36m[INFO ][m GID 1, GenesisBlock init success. GenesisBlock hash:3aac005b70c1e94fcdd3d8fdb25f6e24f57962832164b3ad941ee979b353e67a

2018/10/14 21:39:32.279553 [0;36m[INFO ][m GID 1, Ledger init success
2018/10/14 21:39:32.280109 [0;36m[INFO ][m GID 1, tx pool: the current local gas price is 0
2018/10/14 21:39:32.280707 [0;36m[INFO ][m GID 1, TxPool init success
2018/10/14 21:39:32.280751 [0;36m[INFO ][m GID 28, txpool-verify actor: started and be ready to receive validator's msg
2018/10/14 21:39:32.280849 [0;36m[INFO ][m GID 29, txpool actor started and be ready to receive txPool msg
2018/10/14 21:39:32.280873 [0;36m[INFO ][m GID 32, stateless-validator: started and be ready to receive txn
2018/10/14 21:39:32.280911 [0;36m[INFO ][m GID 1, ConsensusType:solo
2018/10/14 21:39:32.280920 [0;36m[INFO ][m GID 31, stateless-validator: started and be ready to receive txn
2018/10/14 21:39:32.280971 [0;36m[INFO ][m GID 30, txpool-tx actor started and be ready to receive tx msg
2018/10/14 21:39:32.280986 [0;36m[INFO ][m GID 1, Consensus init success
2018/10/14 21:39:32.280957 [0;36m[INFO ][m GID 66, solo actor started
2018/10/14 21:39:32.280963 [0;36m[INFO ][m GID 65, stateful-validator: started and be ready to receive txn
2018/10/14 21:39:32.286612 [0;36m[INFO ][m GID 1, Rpc init success
2018/10/14 21:39:32.292018 [0;36m[INFO ][m GID 1, Local rpc init success
2018/10/14 21:39:32.292088 [0;36m[INFO ][m GID 1, Restful init success
2018/10/14 21:39:32.292154 [0;36m[INFO ][m GID 1, Ws init success
2018/10/14 21:39:38.282045 [0;36m[INFO ][m GID 79, increment validator block height -1 != ledger block height 0
2018/10/14 21:39:38.282181 [0;36m[INFO ][m GID 79, current block height 0, increment validator block cache range: [0, 0)
2018/10/14 21:39:38.286033 [0;36m[INFO ][m GID 79, solo actor receives block complete event. block height=1 txnum=1
2018/10/14 21:39:38.292511 [0;36m[INFO ][m GID 73, CurrentBlockHeight = 1
2018/10/14 21:39:44.281705 [0;36m[INFO ][m GID 105, current block height 1, increment validator block cache range: [1, 2)
2018/10/14 21:39:44.285222 [0;36m[INFO ][m GID 105, solo actor receives block complete event. block height=2 txnum=1
2018/10/14 21:39:44.293035 [0;36m[INFO ][m GID 73, CurrentBlockHeight = 2
2018/10/14 21:39:50.281896 [0;36m[INFO ][m GID 120, current block height 2, increment validator block cache range: [1, 3)
2018/10/14 21:39:50.288470 [0;36m[INFO ][m GID 120, solo actor receives block complete event. block height=3 txnum=1
2018/10/14 21:39:50.292795 [0;36m[INFO ][m GID 73, CurrentBlockHeight = 3
2018/10/14 21:39:56.281175 [0;36m[INFO ][m GID 147, current block height 3, increment validator block cache range: [1, 4)
2018/10/14 21:39:56.287019 [0;36m[INFO ][m GID 147, solo actor receives block complete event. block height=4 txnum=0
2018/10/14 21:39:56.291894 [0;36m[INFO ][m GID 73, CurrentBlockHeight = 4
2018/10/14 21:40:02.280766 [0;36m[INFO ][m GID 151, current block height 4, increment validator block cache range: [1, 5)
2018/10/14 21:40:02.286865 [0;36m[INFO ][m GID 151, solo actor receives block complete event. block height=5 txnum=0
2018/10/14 21:40:02.292887 [0;36m[INFO ][m GID 73, CurrentBlockHeight = 5
2018/10/14 21:40:08.281370 [0;36m[INFO ][m GID 155, current block height 5, increment validator block cache range: [1, 6)
2018/10/14 21:40:08.287801 [0;36m[INFO ][m GID 155, solo actor receives block complete event. block height=6 txnum=0
2018/10/14 21:40:08.292718 [0;36m[INFO ][m GID 73, CurrentBlockHeight = 6
2018/10/14 21:40:14.280347 [0;36m[INFO ][m GID 159, current block height 6, increment validator block cache range: [1, 7)
2018/10/14 21:40:14.287147 [0;36m[INFO ][m GID 159, solo actor receives block complete event. block height=7 txnum=0
2018/10/14 21:40:14.291521 [0;36m[INFO ][m GID 73, CurrentBlockHeight = 7
2018/10/14 21:40:20.280409 [0;36m[INFO ][m GID 44, current block height 7, increment validator block cache range: [1, 8)
2018/10/14 21:40:20.286454 [0;36m[INFO ][m GID 44, solo actor receives block complete event. block height=8 txnum=0
2018/10/14 21:40:20.291484 [0;36m[INFO ][m GID 73, CurrentBlockHeight = 8
2018/10/14 21:40:26.280885 [0;36m[INFO ][m GID 48, current block height 8, increment validator block cache range: [1, 9)
