2018/10/13 16:36:48.655671 [0;36m[INFO ][m GID 1, Config init success
2018/10/13 16:36:49.856435 [0;36m[INFO ][m GID 1, Using account:AUr5QUfeBADq6BMY6Tp5yuMsUNGpsD7nLZ
2018/10/13 16:36:49.856489 [0;36m[INFO ][m GID 1, Account init success
2018/10/13 16:36:49.876365 [0;36m[INFO ][m GID 1, deploy contract address:0239dcf9b4a46f15c5f23f20d52fac916a0bac0d
2018/10/13 16:36:49.878027 [0;36m[INFO ][m GID 1, deploy contract address:08b6dcfed2aace9190a44ae34a320e42c04b46ac
2018/10/13 16:36:49.878082 [0;36m[INFO ][m GID 1, deploy contract address:7a2f84e3b94d20da1a8592116c0103c28c5e457e
2018/10/13 16:36:49.878124 [0;36m[INFO ][m GID 1, deploy contract address:6815cbe7b4dbad4d2d09ae035141b5254a002f79
2018/10/13 16:36:49.878163 [0;36m[INFO ][m GID 1, deploy contract address:24a15c6aed092dfaa711c4974caf1e9d307bf4b5
2018/10/13 16:36:49.878201 [0;36m[INFO ][m GID 1, deploy contract address:4d6934f0a524a084bb20cff4cdbea236760bb4a3
2018/10/13 16:36:49.884315 [0;36m[INFO ][m GID 1, GenesisBlock init success. GenesisBlock hash:3aac005b70c1e94fcdd3d8fdb25f6e24f57962832164b3ad941ee979b353e67a

2018/10/13 16:36:49.884621 [0;36m[INFO ][m GID 1, Ledger init success
2018/10/13 16:36:49.886515 [0;36m[INFO ][m GID 1, tx pool: the current local gas price is 0
2018/10/13 16:36:49.887118 [0;36m[INFO ][m GID 1, TxPool init success
2018/10/13 16:36:49.887479 [0;36m[INFO ][m GID 1, ConsensusType:solo
2018/10/13 16:36:49.887792 [0;36m[INFO ][m GID 50, txpool actor started and be ready to receive txPool msg
2018/10/13 16:36:49.887816 [0;36m[INFO ][m GID 52, stateless-validator: started and be ready to receive txn
2018/10/13 16:36:49.887834 [0;36m[INFO ][m GID 54, stateful-validator: started and be ready to receive txn
2018/10/13 16:36:49.887842 [0;36m[INFO ][m GID 53, stateless-validator: started and be ready to receive txn
2018/10/13 16:36:49.887863 [0;36m[INFO ][m GID 55, solo actor started
2018/10/13 16:36:49.887823 [0;36m[INFO ][m GID 51, txpool-tx actor started and be ready to receive tx msg
2018/10/13 16:36:49.887843 [0;36m[INFO ][m GID 1, Consensus init success
2018/10/13 16:36:49.887859 [0;36m[INFO ][m GID 49, txpool-verify actor: started and be ready to receive validator's msg
2018/10/13 16:36:49.893576 [0;36m[INFO ][m GID 1, Rpc init success
2018/10/13 16:36:49.898975 [0;36m[INFO ][m GID 1, Local rpc init success
2018/10/13 16:36:49.899022 [0;36m[INFO ][m GID 1, Restful init success
2018/10/13 16:36:49.899106 [0;36m[INFO ][m GID 1, Ws init success
2018/10/13 16:36:51.212085 [0;36m[INFO ][m GID 89, Ontology received exit signal:interrupt.
