2018/10/14 21:40:25.256467 [0;36m[INFO ][m GID 1, Config init success
2018/10/14 21:40:25.689750 [0;36m[INFO ][m GID 1, Using account:AUr5QUfeBADq6BMY6Tp5yuMsUNGpsD7nLZ
2018/10/14 21:40:25.689804 [0;36m[INFO ][m GID 1, Account init success
2018/10/14 21:40:25.702088 [0;36m[INFO ][m GID 1, deploy contract address:0239dcf9b4a46f15c5f23f20d52fac916a0bac0d
2018/10/14 21:40:25.702284 [0;36m[INFO ][m GID 1, deploy contract address:08b6dcfed2aace9190a44ae34a320e42c04b46ac
2018/10/14 21:40:25.702344 [0;36m[INFO ][m GID 1, deploy contract address:7a2f84e3b94d20da1a8592116c0103c28c5e457e
2018/10/14 21:40:25.702403 [0;36m[INFO ][m GID 1, deploy contract address:6815cbe7b4dbad4d2d09ae035141b5254a002f79
2018/10/14 21:40:25.702473 [0;36m[INFO ][m GID 1, deploy contract address:24a15c6aed092dfaa711c4974caf1e9d307bf4b5
2018/10/14 21:40:25.702546 [0;36m[INFO ][m GID 1, deploy contract address:4d6934f0a524a084bb20cff4cdbea236760bb4a3
2018/10/14 21:40:25.704812 [0;36m[INFO ][m GID 1, GenesisBlock init success. GenesisBlock hash:3aac005b70c1e94fcdd3d8fdb25f6e24f57962832164b3ad941ee979b353e67a

2018/10/14 21:40:25.704864 [0;36m[INFO ][m GID 1, Ledger init success
2018/10/14 21:40:25.705536 [0;36m[INFO ][m GID 1, tx pool: the current local gas price is 0
2018/10/14 21:40:25.706069 [0;36m[INFO ][m GID 1, TxPool init success
2018/10/14 21:40:25.706193 [0;36m[INFO ][m GID 46, stateless-validator: started and be ready to receive txn
2018/10/14 21:40:25.706206 [0;36m[INFO ][m GID 1, ConsensusType:solo
2018/10/14 21:40:25.706218 [0;36m[INFO ][m GID 45, stateless-validator: started and be ready to receive txn
2018/10/14 21:40:25.706288 [0;36m[INFO ][m GID 42, txpool-verify actor: started and be ready to receive validator's msg
2018/10/14 21:40:25.706292 [0;36m[INFO ][m GID 48, solo actor started
2018/10/14 21:40:25.706356 [0;36m[INFO ][m GID 1, Consensus init success
2018/10/14 21:40:25.706384 [0;36m[INFO ][m GID 44, txpool-tx actor started and be ready to receive tx msg
2018/10/14 21:40:25.706350 [0;36m[INFO ][m GID 43, txpool actor started and be ready to receive txPool msg
2018/10/14 21:40:25.706389 [0;36m[INFO ][m GID 47, stateful-validator: started and be ready to receive txn
2018/10/14 21:40:25.706760 [0;31m[ERROR][m GID 1, initRpc error:ListenAndServe error:listen tcp :20336: bind: address already in use
